TN:
SF:LinkedList.js
FN:2,(anonymous_0)
FN:6,(anonymous_1)
FN:12,(anonymous_2)
FN:21,(anonymous_3)
FN:31,(anonymous_4)
FN:43,(anonymous_5)
FN:50,(anonymous_6)
FNF:7
FNH:6
FNDA:9,(anonymous_0)
FNDA:23,(anonymous_1)
FNDA:8,(anonymous_2)
FNDA:4,(anonymous_3)
FNDA:0,(anonymous_4)
FNDA:24,(anonymous_5)
FNDA:8,(anonymous_6)
DA:3,9
DA:4,9
DA:7,23
DA:8,23
DA:9,23
DA:13,8
DA:15,4
DA:16,4
DA:17,5
DA:19,4
DA:22,4
DA:23,1
DA:25,3
DA:26,3
DA:27,1
DA:28,1
DA:32,0
DA:33,0
DA:34,0
DA:35,0
DA:36,0
DA:38,0
DA:44,24
DA:45,24
DA:50,1
DA:51,8
DA:53,8
DA:54,20
DA:56,8
DA:59,1
LF:30
LH:24
BRDA:13,0,0,4
BRDA:13,0,1,4
BRDA:13,1,0,8
BRDA:13,1,1,6
BRDA:22,2,0,1
BRDA:22,2,1,3
BRDA:26,3,0,2
BRDA:26,3,1,1
BRF:8
BRH:8
end_of_record
